<?xml version="1.0" encoding="UTF-8"?>
<testsuite xmlns:xsi="http://www.w3.org/2001/XMLSchema-instance" xsi:noNamespaceSchemaLocation="https://maven.apache.org/surefire/maven-surefire-plugin/xsd/surefire-test-report-3.0.xsd" version="3.0" name="TestSuite" time="19.831" tests="1" errors="0" skipped="0" failures="0">
  <properties>
    <property name="gopherProxySet" value="false"/>
    <property name="awt.toolkit" value="sun.lwawt.macosx.LWCToolkit"/>
    <property name="file.encoding.pkg" value="sun.io"/>
    <property name="java.specification.version" value="1.8"/>
    <property name="sun.cpu.isalist" value=""/>
    <property name="sun.jnu.encoding" value="UTF-8"/>
    <property name="java.class.path" value="/Users/sharikavadavat/Desktop/Statistics Data/GideonQuote/target/test-classes:/Users/sharikavadavat/Desktop/Statistics Data/GideonQuote/target/classes:/Users/sharikavadavat/.m2/repository/io/github/bonigarcia/webdrivermanager/3.3.0/webdrivermanager-3.3.0.jar:/Users/sharikavadavat/.m2/repository/org/slf4j/slf4j-api/1.7.25/slf4j-api-1.7.25.jar:/Users/sharikavadavat/.m2/repository/commons-io/commons-io/2.6/commons-io-2.6.jar:/Users/sharikavadavat/.m2/repository/com/google/code/gson/gson/2.8.5/gson-2.8.5.jar:/Users/sharikavadavat/.m2/repository/org/apache/commons/commons-lang3/3.8.1/commons-lang3-3.8.1.jar:/Users/sharikavadavat/.m2/repository/org/apache/httpcomponents/httpclient/4.5.6/httpclient-4.5.6.jar:/Users/sharikavadavat/.m2/repository/org/rauschig/jarchivelib/1.0.0/jarchivelib-1.0.0.jar:/Users/sharikavadavat/.m2/repository/org/apache/commons/commons-compress/1.18/commons-compress-1.18.jar:/Users/sharikavadavat/.m2/repository/org/jsoup/jsoup/1.11.3/jsoup-1.11.3.jar:/Users/sharikavadavat/.m2/repository/junit/junit/3.8.1/junit-3.8.1.jar:/Users/sharikavadavat/.m2/repository/org/seleniumhq/selenium/selenium-java/2.45.0/selenium-java-2.45.0.jar:/Users/sharikavadavat/.m2/repository/org/seleniumhq/selenium/selenium-htmlunit-driver/2.45.0/selenium-htmlunit-driver-2.45.0.jar:/Users/sharikavadavat/.m2/repository/net/sourceforge/htmlunit/htmlunit/2.15/htmlunit-2.15.jar:/Users/sharikavadavat/.m2/repository/xalan/xalan/2.7.1/xalan-2.7.1.jar:/Users/sharikavadavat/.m2/repository/xalan/serializer/2.7.1/serializer-2.7.1.jar:/Users/sharikavadavat/.m2/repository/commons-collections/commons-collections/3.2.1/commons-collections-3.2.1.jar:/Users/sharikavadavat/.m2/repository/org/apache/httpcomponents/httpmime/4.3.3/httpmime-4.3.3.jar:/Users/sharikavadavat/.m2/repository/net/sourceforge/htmlunit/htmlunit-core-js/2.15/htmlunit-core-js-2.15.jar:/Users/sharikavadavat/.m2/repository/xerces/xercesImpl/2.11.0/xercesImpl-2.11.0.jar:/Users/sharikavadavat/.m2/repository/xml-apis/xml-apis/1.4.01/xml-apis-1.4.01.jar:/Users/sharikavadavat/.m2/repository/net/sourceforge/nekohtml/nekohtml/1.9.21/nekohtml-1.9.21.jar:/Users/sharikavadavat/.m2/repository/net/sourceforge/cssparser/cssparser/0.9.14/cssparser-0.9.14.jar:/Users/sharikavadavat/.m2/repository/org/w3c/css/sac/1.3/sac-1.3.jar:/Users/sharikavadavat/.m2/repository/org/eclipse/jetty/jetty-websocket/8.1.15.v20140411/jetty-websocket-8.1.15.v20140411.jar:/Users/sharikavadavat/.m2/repository/org/eclipse/jetty/jetty-util/8.1.15.v20140411/jetty-util-8.1.15.v20140411.jar:/Users/sharikavadavat/.m2/repository/org/eclipse/jetty/jetty-io/8.1.15.v20140411/jetty-io-8.1.15.v20140411.jar:/Users/sharikavadavat/.m2/repository/org/eclipse/jetty/jetty-http/8.1.15.v20140411/jetty-http-8.1.15.v20140411.jar:/Users/sharikavadavat/.m2/repository/org/seleniumhq/selenium/selenium-firefox-driver/2.45.0/selenium-firefox-driver-2.45.0.jar:/Users/sharikavadavat/.m2/repository/org/seleniumhq/selenium/selenium-ie-driver/2.45.0/selenium-ie-driver-2.45.0.jar:/Users/sharikavadavat/.m2/repository/net/java/dev/jna/jna/3.4.0/jna-3.4.0.jar:/Users/sharikavadavat/.m2/repository/net/java/dev/jna/platform/3.4.0/platform-3.4.0.jar:/Users/sharikavadavat/.m2/repository/org/seleniumhq/selenium/selenium-safari-driver/2.45.0/selenium-safari-driver-2.45.0.jar:/Users/sharikavadavat/.m2/repository/org/seleniumhq/selenium/selenium-support/2.45.0/selenium-support-2.45.0.jar:/Users/sharikavadavat/.m2/repository/org/webbitserver/webbit/0.4.14/webbit-0.4.14.jar:/Users/sharikavadavat/.m2/repository/io/netty/netty/3.5.2.Final/netty-3.5.2.Final.jar:/Users/sharikavadavat/.m2/repository/org/seleniumhq/selenium/selenium-leg-rc/2.45.0/selenium-leg-rc-2.45.0.jar:/Users/sharikavadavat/.m2/repository/org/testng/testng/6.9.9/testng-6.9.9.jar:/Users/sharikavadavat/.m2/repository/com/beust/jcommander/1.48/jcommander-1.48.jar:/Users/sharikavadavat/.m2/repository/org/apache/ant/ant/1.7.0/ant-1.7.0.jar:/Users/sharikavadavat/.m2/repository/org/apache/ant/ant-launcher/1.7.0/ant-launcher-1.7.0.jar:/Users/sharikavadavat/.m2/repository/org/yaml/snakeyaml/1.15/snakeyaml-1.15.jar:/Users/sharikavadavat/.m2/repository/org/beanshell/bsh/2.0b4/bsh-2.0b4.jar:/Users/sharikavadavat/.m2/repository/org/seleniumhq/selenium/selenium-chrome-driver/3.14.0/selenium-chrome-driver-3.14.0.jar:/Users/sharikavadavat/.m2/repository/org/seleniumhq/selenium/selenium-api/3.14.0/selenium-api-3.14.0.jar:/Users/sharikavadavat/.m2/repository/org/seleniumhq/selenium/selenium-remote-driver/3.14.0/selenium-remote-driver-3.14.0.jar:/Users/sharikavadavat/.m2/repository/net/bytebuddy/byte-buddy/1.8.15/byte-buddy-1.8.15.jar:/Users/sharikavadavat/.m2/repository/org/apache/commons/commons-exec/1.3/commons-exec-1.3.jar:/Users/sharikavadavat/.m2/repository/commons-codec/commons-codec/1.10/commons-codec-1.10.jar:/Users/sharikavadavat/.m2/repository/commons-logging/commons-logging/1.2/commons-logging-1.2.jar:/Users/sharikavadavat/.m2/repository/com/google/guava/guava/25.0-jre/guava-25.0-jre.jar:/Users/sharikavadavat/.m2/repository/com/google/code/findbugs/jsr305/1.3.9/jsr305-1.3.9.jar:/Users/sharikavadavat/.m2/repository/org/checkerframework/checker-compat-qual/2.0.0/checker-compat-qual-2.0.0.jar:/Users/sharikavadavat/.m2/repository/com/google/errorprone/error_prone_annotations/2.1.3/error_prone_annotations-2.1.3.jar:/Users/sharikavadavat/.m2/repository/com/google/j2objc/j2objc-annotations/1.1/j2objc-annotations-1.1.jar:/Users/sharikavadavat/.m2/repository/org/codehaus/mojo/animal-sniffer-annotations/1.14/animal-sniffer-annotations-1.14.jar:/Users/sharikavadavat/.m2/repository/org/apache/httpcomponents/httpcore/4.4.9/httpcore-4.4.9.jar:/Users/sharikavadavat/.m2/repository/com/squareup/okhttp3/okhttp/3.10.0/okhttp-3.10.0.jar:/Users/sharikavadavat/.m2/repository/com/squareup/okio/okio/1.14.1/okio-1.14.1.jar:"/>
    <property name="java.vm.vendor" value="Oracle Corporation"/>
    <property name="sun.arch.data.model" value="64"/>
    <property name="java.vendor.url" value="http://java.oracle.com/"/>
    <property name="user.timezone" value=""/>
    <property name="java.vm.specification.version" value="1.8"/>
    <property name="os.name" value="Mac OS X"/>
    <property name="user.country" value="US"/>
    <property name="sun.java.launcher" value="SUN_STANDARD"/>
    <property name="sun.boot.library.path" value="/Library/Java/JavaVirtualMachines/jdk1.8.0_201.jdk/Contents/Home/jre/lib"/>
    <property name="sun.java.command" value="/Users/sharikavadavat/Desktop/Statistics Data/GideonQuote/target/surefire/surefirebooter6715202291359603954.jar /Users/sharikavadavat/Desktop/Statistics Data/GideonQuote/target/surefire 2019-06-23T22-33-48_568-jvmRun1 surefire1092439240860510715tmp surefire_03365538420554731844tmp"/>
    <property name="http.nonProxyHosts" value="local|*.local|169.254/16|*.169.254/16"/>
    <property name="surefire.test.class.path" value="/Users/sharikavadavat/Desktop/Statistics Data/GideonQuote/target/test-classes:/Users/sharikavadavat/Desktop/Statistics Data/GideonQuote/target/classes:/Users/sharikavadavat/.m2/repository/io/github/bonigarcia/webdrivermanager/3.3.0/webdrivermanager-3.3.0.jar:/Users/sharikavadavat/.m2/repository/org/slf4j/slf4j-api/1.7.25/slf4j-api-1.7.25.jar:/Users/sharikavadavat/.m2/repository/commons-io/commons-io/2.6/commons-io-2.6.jar:/Users/sharikavadavat/.m2/repository/com/google/code/gson/gson/2.8.5/gson-2.8.5.jar:/Users/sharikavadavat/.m2/repository/org/apache/commons/commons-lang3/3.8.1/commons-lang3-3.8.1.jar:/Users/sharikavadavat/.m2/repository/org/apache/httpcomponents/httpclient/4.5.6/httpclient-4.5.6.jar:/Users/sharikavadavat/.m2/repository/org/rauschig/jarchivelib/1.0.0/jarchivelib-1.0.0.jar:/Users/sharikavadavat/.m2/repository/org/apache/commons/commons-compress/1.18/commons-compress-1.18.jar:/Users/sharikavadavat/.m2/repository/org/jsoup/jsoup/1.11.3/jsoup-1.11.3.jar:/Users/sharikavadavat/.m2/repository/junit/junit/3.8.1/junit-3.8.1.jar:/Users/sharikavadavat/.m2/repository/org/seleniumhq/selenium/selenium-java/2.45.0/selenium-java-2.45.0.jar:/Users/sharikavadavat/.m2/repository/org/seleniumhq/selenium/selenium-htmlunit-driver/2.45.0/selenium-htmlunit-driver-2.45.0.jar:/Users/sharikavadavat/.m2/repository/net/sourceforge/htmlunit/htmlunit/2.15/htmlunit-2.15.jar:/Users/sharikavadavat/.m2/repository/xalan/xalan/2.7.1/xalan-2.7.1.jar:/Users/sharikavadavat/.m2/repository/xalan/serializer/2.7.1/serializer-2.7.1.jar:/Users/sharikavadavat/.m2/repository/commons-collections/commons-collections/3.2.1/commons-collections-3.2.1.jar:/Users/sharikavadavat/.m2/repository/org/apache/httpcomponents/httpmime/4.3.3/httpmime-4.3.3.jar:/Users/sharikavadavat/.m2/repository/net/sourceforge/htmlunit/htmlunit-core-js/2.15/htmlunit-core-js-2.15.jar:/Users/sharikavadavat/.m2/repository/xerces/xercesImpl/2.11.0/xercesImpl-2.11.0.jar:/Users/sharikavadavat/.m2/repository/xml-apis/xml-apis/1.4.01/xml-apis-1.4.01.jar:/Users/sharikavadavat/.m2/repository/net/sourceforge/nekohtml/nekohtml/1.9.21/nekohtml-1.9.21.jar:/Users/sharikavadavat/.m2/repository/net/sourceforge/cssparser/cssparser/0.9.14/cssparser-0.9.14.jar:/Users/sharikavadavat/.m2/repository/org/w3c/css/sac/1.3/sac-1.3.jar:/Users/sharikavadavat/.m2/repository/org/eclipse/jetty/jetty-websocket/8.1.15.v20140411/jetty-websocket-8.1.15.v20140411.jar:/Users/sharikavadavat/.m2/repository/org/eclipse/jetty/jetty-util/8.1.15.v20140411/jetty-util-8.1.15.v20140411.jar:/Users/sharikavadavat/.m2/repository/org/eclipse/jetty/jetty-io/8.1.15.v20140411/jetty-io-8.1.15.v20140411.jar:/Users/sharikavadavat/.m2/repository/org/eclipse/jetty/jetty-http/8.1.15.v20140411/jetty-http-8.1.15.v20140411.jar:/Users/sharikavadavat/.m2/repository/org/seleniumhq/selenium/selenium-firefox-driver/2.45.0/selenium-firefox-driver-2.45.0.jar:/Users/sharikavadavat/.m2/repository/org/seleniumhq/selenium/selenium-ie-driver/2.45.0/selenium-ie-driver-2.45.0.jar:/Users/sharikavadavat/.m2/repository/net/java/dev/jna/jna/3.4.0/jna-3.4.0.jar:/Users/sharikavadavat/.m2/repository/net/java/dev/jna/platform/3.4.0/platform-3.4.0.jar:/Users/sharikavadavat/.m2/repository/org/seleniumhq/selenium/selenium-safari-driver/2.45.0/selenium-safari-driver-2.45.0.jar:/Users/sharikavadavat/.m2/repository/org/seleniumhq/selenium/selenium-support/2.45.0/selenium-support-2.45.0.jar:/Users/sharikavadavat/.m2/repository/org/webbitserver/webbit/0.4.14/webbit-0.4.14.jar:/Users/sharikavadavat/.m2/repository/io/netty/netty/3.5.2.Final/netty-3.5.2.Final.jar:/Users/sharikavadavat/.m2/repository/org/seleniumhq/selenium/selenium-leg-rc/2.45.0/selenium-leg-rc-2.45.0.jar:/Users/sharikavadavat/.m2/repository/org/testng/testng/6.9.9/testng-6.9.9.jar:/Users/sharikavadavat/.m2/repository/com/beust/jcommander/1.48/jcommander-1.48.jar:/Users/sharikavadavat/.m2/repository/org/apache/ant/ant/1.7.0/ant-1.7.0.jar:/Users/sharikavadavat/.m2/repository/org/apache/ant/ant-launcher/1.7.0/ant-launcher-1.7.0.jar:/Users/sharikavadavat/.m2/repository/org/yaml/snakeyaml/1.15/snakeyaml-1.15.jar:/Users/sharikavadavat/.m2/repository/org/beanshell/bsh/2.0b4/bsh-2.0b4.jar:/Users/sharikavadavat/.m2/repository/org/seleniumhq/selenium/selenium-chrome-driver/3.14.0/selenium-chrome-driver-3.14.0.jar:/Users/sharikavadavat/.m2/repository/org/seleniumhq/selenium/selenium-api/3.14.0/selenium-api-3.14.0.jar:/Users/sharikavadavat/.m2/repository/org/seleniumhq/selenium/selenium-remote-driver/3.14.0/selenium-remote-driver-3.14.0.jar:/Users/sharikavadavat/.m2/repository/net/bytebuddy/byte-buddy/1.8.15/byte-buddy-1.8.15.jar:/Users/sharikavadavat/.m2/repository/org/apache/commons/commons-exec/1.3/commons-exec-1.3.jar:/Users/sharikavadavat/.m2/repository/commons-codec/commons-codec/1.10/commons-codec-1.10.jar:/Users/sharikavadavat/.m2/repository/commons-logging/commons-logging/1.2/commons-logging-1.2.jar:/Users/sharikavadavat/.m2/repository/com/google/guava/guava/25.0-jre/guava-25.0-jre.jar:/Users/sharikavadavat/.m2/repository/com/google/code/findbugs/jsr305/1.3.9/jsr305-1.3.9.jar:/Users/sharikavadavat/.m2/repository/org/checkerframework/checker-compat-qual/2.0.0/checker-compat-qual-2.0.0.jar:/Users/sharikavadavat/.m2/repository/com/google/errorprone/error_prone_annotations/2.1.3/error_prone_annotations-2.1.3.jar:/Users/sharikavadavat/.m2/repository/com/google/j2objc/j2objc-annotations/1.1/j2objc-annotations-1.1.jar:/Users/sharikavadavat/.m2/repository/org/codehaus/mojo/animal-sniffer-annotations/1.14/animal-sniffer-annotations-1.14.jar:/Users/sharikavadavat/.m2/repository/org/apache/httpcomponents/httpcore/4.4.9/httpcore-4.4.9.jar:/Users/sharikavadavat/.m2/repository/com/squareup/okhttp3/okhttp/3.10.0/okhttp-3.10.0.jar:/Users/sharikavadavat/.m2/repository/com/squareup/okio/okio/1.14.1/okio-1.14.1.jar:"/>
    <property name="sun.cpu.endian" value="little"/>
    <property name="user.home" value="/Users/sharikavadavat"/>
    <property name="user.language" value="en"/>
    <property name="java.specification.vendor" value="Oracle Corporation"/>
    <property name="java.home" value="/Library/Java/JavaVirtualMachines/jdk1.8.0_201.jdk/Contents/Home/jre"/>
    <property name="basedir" value="/Users/sharikavadavat/Desktop/Statistics Data/GideonQuote"/>
    <property name="file.separator" value="/"/>
    <property name="line.separator" value="&#10;"/>
    <property name="java.vm.specification.vendor" value="Oracle Corporation"/>
    <property name="java.specification.name" value="Java Platform API Specification"/>
    <property name="java.awt.graphicsenv" value="sun.awt.CGraphicsEnvironment"/>
    <property name="surefire.real.class.path" value="/Users/sharikavadavat/Desktop/Statistics Data/GideonQuote/target/surefire/surefirebooter6715202291359603954.jar"/>
    <property name="sun.boot.class.path" value="/Library/Java/JavaVirtualMachines/jdk1.8.0_201.jdk/Contents/Home/jre/lib/resources.jar:/Library/Java/JavaVirtualMachines/jdk1.8.0_201.jdk/Contents/Home/jre/lib/rt.jar:/Library/Java/JavaVirtualMachines/jdk1.8.0_201.jdk/Contents/Home/jre/lib/sunrsasign.jar:/Library/Java/JavaVirtualMachines/jdk1.8.0_201.jdk/Contents/Home/jre/lib/jsse.jar:/Library/Java/JavaVirtualMachines/jdk1.8.0_201.jdk/Contents/Home/jre/lib/jce.jar:/Library/Java/JavaVirtualMachines/jdk1.8.0_201.jdk/Contents/Home/jre/lib/charsets.jar:/Library/Java/JavaVirtualMachines/jdk1.8.0_201.jdk/Contents/Home/jre/lib/jfr.jar:/Library/Java/JavaVirtualMachines/jdk1.8.0_201.jdk/Contents/Home/jre/classes"/>
    <property name="sun.management.compiler" value="HotSpot 64-Bit Tiered Compilers"/>
    <property name="ftp.nonProxyHosts" value="local|*.local|169.254/16|*.169.254/16"/>
    <property name="java.runtime.version" value="1.8.0_201-b09"/>
    <property name="user.name" value="sharikavadavat"/>
    <property name="path.separator" value=":"/>
    <property name="os.version" value="10.14.4"/>
    <property name="java.endorsed.dirs" value="/Library/Java/JavaVirtualMachines/jdk1.8.0_201.jdk/Contents/Home/jre/lib/endorsed"/>
    <property name="java.runtime.name" value="Java(TM) SE Runtime Environment"/>
    <property name="file.encoding" value="UTF-8"/>
    <property name="java.vm.name" value="Java HotSpot(TM) 64-Bit Server VM"/>
    <property name="localRepository" value="/Users/sharikavadavat/.m2/repository"/>
    <property name="java.vendor.url.bug" value="http://bugreport.sun.com/bugreport/"/>
    <property name="java.io.tmpdir" value="/var/folders/zk/6bmdttk92xq2080m2zdmxlrc0000gn/T/"/>
    <property name="java.version" value="1.8.0_201"/>
    <property name="user.dir" value="/Users/sharikavadavat/Desktop/Statistics Data/GideonQuote"/>
    <property name="os.arch" value="x86_64"/>
    <property name="java.vm.specification.name" value="Java Virtual Machine Specification"/>
    <property name="java.awt.printerjob" value="sun.lwawt.macosx.CPrinterJob"/>
    <property name="sun.os.patch.level" value="unknown"/>
    <property name="java.library.path" value="/Users/sharikavadavat/Library/Java/Extensions:/Library/Java/Extensions:/Network/Library/Java/Extensions:/System/Library/Java/Extensions:/usr/lib/java:."/>
    <property name="java.vm.info" value="mixed mode"/>
    <property name="java.vendor" value="Oracle Corporation"/>
    <property name="java.vm.version" value="25.201-b09"/>
    <property name="java.ext.dirs" value="/Users/sharikavadavat/Library/Java/Extensions:/Library/Java/JavaVirtualMachines/jdk1.8.0_201.jdk/Contents/Home/jre/lib/ext:/Library/Java/Extensions:/Network/Library/Java/Extensions:/System/Library/Java/Extensions:/usr/lib/java"/>
    <property name="sun.io.unicode.encoding" value="UnicodeBig"/>
    <property name="java.class.version" value="52.0"/>
    <property name="socksNonProxyHosts" value="local|*.local|169.254/16|*.169.254/16"/>
  </properties>
  <testcase name="identifyQuotes" classname="com.test.tests.TestCases" time="14.593"/>
</testsuite>