<?xml version="1.0" encoding="UTF-8"?>
<!-- Generated by org.testng.reporters.JUnitReportReporter -->
<testsuite hostname="Sharikas-MBP.attlocal.net" name="com.test.tests.TestCases" tests="1" failures="0" timestamp="24 Jun 2019 03:34:09 GMT" time="14.589" errors="0">
  <testcase name="identifyQuotes" time="14.589" classname="com.test.tests.TestCases"/>
</testsuite> <!-- com.test.tests.TestCases -->
